This is pdfTeX, Version 3.141592653-2.6-1.40.26 (TeX Live 2024) (preloaded format=pdflatex 2024.11.4)  23 APR 2025 15:48
entering extended mode
 restricted \write18 enabled.
 file:line:error style messages enabled.
 %&-line parsing enabled.
**d:/User/Doc/latex/fixed_paper.tex
(d:/User/Doc/latex/fixed_paper.tex
LaTeX2e <2024-11-01>
L3 programming layer <2024-10-09>
(d:/User/Programs/texlive/2024/texmf-dist/tex/latex/base/article.cls
Document Class: article 2024/06/29 v1.4n Standard LaTeX document class
(d:/User/Programs/texlive/2024/texmf-dist/tex/latex/base/size12.clo
File: size12.clo 2024/06/29 v1.4n Standard LaTeX file (size option)
)
\c@part=\count196
\c@section=\count197
\c@subsection=\count198
\c@subsubsection=\count199
\c@paragraph=\count266
\c@subparagraph=\count267
\c@figure=\count268
\c@table=\count269
\abovecaptionskip=\skip49
\belowcaptionskip=\skip50
\bibindent=\dimen141
) (d:/User/Programs/texlive/2024/texmf-dist/tex/latex/ctex/ctex.sty (d:/User/Programs/texlive/2024/texmf-dist/tex/latex/l3kernel/expl3.sty
Package: expl3 2024-10-09 L3 programming layer (loader) 
 (d:/User/Programs/texlive/2024/texmf-dist/tex/latex/l3backend/l3backend-pdftex.def
File: l3backend-pdftex.def 2024-05-08 L3 backend support: PDF output (pdfTeX)
\l__color_backend_stack_int=\count270
\l__pdf_internal_box=\box52
))
Package: ctex 2022/07/14 v2.5.10 Chinese adapter in LaTeX (CTEX)
 (d:/User/Programs/texlive/2024/texmf-dist/tex/latex/ctex/ctexhook.sty
Package: ctexhook 2022/07/14 v2.5.10 Document and package hooks (CTEX)
) (d:/User/Programs/texlive/2024/texmf-dist/tex/latex/ctex/ctexpatch.sty
Package: ctexpatch 2022/07/14 v2.5.10 Patching commands (CTEX)
) (d:/User/Programs/texlive/2024/texmf-dist/tex/latex/base/fix-cm.sty
Package: fix-cm 2020/11/24 v1.1t fixes to LaTeX
 (d:/User/Programs/texlive/2024/texmf-dist/tex/latex/base/ts1enc.def
File: ts1enc.def 2001/06/05 v3.0e (jk/car/fm) Standard LaTeX file
LaTeX Font Info:    Redeclaring font encoding TS1 on input line 47.
))
\l__ctex_tmp_int=\count271
\l__ctex_tmp_box=\box53
\l__ctex_tmp_dim=\dimen142
\g__ctex_section_depth_int=\count272
\g__ctex_font_size_int=\count273
 (d:/User/Programs/texlive/2024/texmf-dist/tex/latex/ctex/config/ctexopts.cfg
File: ctexopts.cfg 2022/07/14 v2.5.10 Option configuration file (CTEX)
)

Package ctex Warning: UTF8 will be used as the default encoding.

(d:/User/Programs/texlive/2024/texmf-dist/tex/latex/ctex/engine/ctex-engine-pdftex.def
File: ctex-engine-pdftex.def 2022/07/14 v2.5.10 (pdf)LaTeX adapter (CTEX)
 (d:/User/Programs/texlive/2024/texmf-dist/tex/latex/cjk/texinput/CJKutf8.sty
Package: CJKutf8 2021/10/16 4.8.5
 (d:/User/Programs/texlive/2024/texmf-dist/tex/generic/iftex/ifpdf.sty
Package: ifpdf 2019/10/25 v3.4 ifpdf legacy package. Use iftex instead.
 (d:/User/Programs/texlive/2024/texmf-dist/tex/generic/iftex/iftex.sty
Package: iftex 2022/02/03 v1.0f TeX engine tests
)) (d:/User/Programs/texlive/2024/texmf-dist/tex/latex/base/inputenc.sty
Package: inputenc 2024/02/08 v1.3d Input encoding file
\inpenc@prehook=\toks17
\inpenc@posthook=\toks18
) (d:/User/Programs/texlive/2024/texmf-dist/tex/latex/cjk/texinput/CJK.sty
Package: CJK 2021/10/16 4.8.5
 (d:/User/Programs/texlive/2024/texmf-dist/tex/latex/cjk/texinput/mule/MULEenc.sty
Package: MULEenc 2021/10/16 4.8.5
) (d:/User/Programs/texlive/2024/texmf-dist/tex/latex/cjk/texinput/CJK.enc
File: CJK.enc 2021/10/16 4.8.5
Now handling font encoding C00 ...
... no UTF-8 mapping file for font encoding C00
Now handling font encoding C05 ...
... no UTF-8 mapping file for font encoding C05
Now handling font encoding C09 ...
... no UTF-8 mapping file for font encoding C09
Now handling font encoding C10 ...
... no UTF-8 mapping file for font encoding C10
Now handling font encoding C20 ...
... no UTF-8 mapping file for font encoding C20
Now handling font encoding C19 ...
... no UTF-8 mapping file for font encoding C19
Now handling font encoding C40 ...
... no UTF-8 mapping file for font encoding C40
Now handling font encoding C42 ...
... no UTF-8 mapping file for font encoding C42
Now handling font encoding C43 ...
... no UTF-8 mapping file for font encoding C43
Now handling font encoding C50 ...
... no UTF-8 mapping file for font encoding C50
Now handling font encoding C52 ...
... no UTF-8 mapping file for font encoding C52
Now handling font encoding C49 ...
... no UTF-8 mapping file for font encoding C49
Now handling font encoding C60 ...
... no UTF-8 mapping file for font encoding C60
Now handling font encoding C61 ...
... no UTF-8 mapping file for font encoding C61
Now handling font encoding C63 ...
... no UTF-8 mapping file for font encoding C63
Now handling font encoding C64 ...
... no UTF-8 mapping file for font encoding C64
Now handling font encoding C65 ...
... no UTF-8 mapping file for font encoding C65
Now handling font encoding C70 ...
... no UTF-8 mapping file for font encoding C70
Now handling font encoding C31 ...
... no UTF-8 mapping file for font encoding C31
Now handling font encoding C32 ...
... no UTF-8 mapping file for font encoding C32
Now handling font encoding C33 ...
... no UTF-8 mapping file for font encoding C33
Now handling font encoding C34 ...
... no UTF-8 mapping file for font encoding C34
Now handling font encoding C35 ...
... no UTF-8 mapping file for font encoding C35
Now handling font encoding C36 ...
... no UTF-8 mapping file for font encoding C36
Now handling font encoding C37 ...
... no UTF-8 mapping file for font encoding C37
Now handling font encoding C80 ...
... no UTF-8 mapping file for font encoding C80
Now handling font encoding C81 ...
... no UTF-8 mapping file for font encoding C81
Now handling font encoding C01 ...
... no UTF-8 mapping file for font encoding C01
Now handling font encoding C11 ...
... no UTF-8 mapping file for font encoding C11
Now handling font encoding C21 ...
... no UTF-8 mapping file for font encoding C21
Now handling font encoding C41 ...
... no UTF-8 mapping file for font encoding C41
Now handling font encoding C62 ...
... no UTF-8 mapping file for font encoding C62
)
\CJK@indent=\box54
) (d:/User/Programs/texlive/2024/texmf-dist/tex/latex/base/fontenc.sty
Package: fontenc 2021/04/29 v2.0v Standard LaTeX package
)) (d:/User/Programs/texlive/2024/texmf-dist/tex/latex/cjkpunct/CJKpunct.sty
Package: CJKpunct 2016/05/14 4.8.4
\CJKpunct@cnta=\count274
\CJKpunct@cntb=\count275
\CJKpunct@cntc=\count276
\CJKpunct@cntd=\count277
\CJKpunct@cnte=\count278
   defining Unicode char U+2018 (decimal 8216)
   defining Unicode char U+2019 (decimal 8217)
   defining Unicode char U+201C (decimal 8220)
   defining Unicode char U+201D (decimal 8221)
   defining Unicode char U+2014 (decimal 8212)
   defining Unicode char U+2026 (decimal 8230)
 (d:/User/Programs/texlive/2024/texmf-dist/tex/latex/cjkpunct/CJKpunct.spa)) (d:/User/Programs/texlive/2024/texmf-dist/tex/latex/cjk/texinput/CJKspace.sty
Package: CJKspace 2021/10/16 3.8.0
) (d:/User/Programs/texlive/2024/texmf-dist/tex/latex/cjk/texinput/UTF8/UTF8.bdg
File: UTF8.bdg 2021/10/16 4.8.5
) (d:/User/Programs/texlive/2024/texmf-dist/tex/latex/ctex/ctexspa.def
File: ctexspa.def 2022/07/14 v2.5.10 Space info for CJKpunct (CTEX)
)
\ccwd=\dimen143
\l__ctex_ccglue_skip=\skip51
)
\l__ctex_ziju_dim=\dimen144
 (d:/User/Programs/texlive/2024/texmf-dist/tex/latex/zhnumber/zhnumber.sty
Package: zhnumber 2022/07/14 v3.0 Typesetting numbers with Chinese glyphs
\l__zhnum_scale_int=\count279
\l__zhnum_tmp_int=\count280
 (d:/User/Programs/texlive/2024/texmf-dist/tex/latex/zhnumber/zhnumber-utf8.cfg
File: zhnumber-utf8.cfg 2022/07/14 v3.0 Chinese numerals with UTF8 encoding
)) (d:/User/Programs/texlive/2024/texmf-dist/tex/latex/ctex/scheme/ctex-scheme-chinese.def
File: ctex-scheme-chinese.def 2022/07/14 v2.5.10 Chinese scheme for generic (CTEX)
 (d:/User/Programs/texlive/2024/texmf-dist/tex/latex/ctex/config/ctex-name-utf8.cfg
File: ctex-name-utf8.cfg 2022/07/14 v2.5.10 Caption with encoding UTF-8 (CTEX)
)) (d:/User/Programs/texlive/2024/texmf-dist/tex/latex/tools/indentfirst.sty
Package: indentfirst 2023/07/02 v1.03 Indent first paragraph (DPC)
) (d:/User/Programs/texlive/2024/texmf-dist/tex/latex/ctex/fontset/ctex-fontset-windows.def
File: ctex-fontset-windows.def 2022/07/14 v2.5.10 Windows fonts definition (CTEX)
)) (d:/User/Programs/texlive/2024/texmf-dist/tex/latex/ctex/config/ctex.cfg
File: ctex.cfg 2022/07/14 v2.5.10 Configuration file (CTEX)
) (d:/User/Programs/texlive/2024/texmf-dist/tex/latex/graphics/graphicx.sty
Package: graphicx 2021/09/16 v1.2d Enhanced LaTeX Graphics (DPC,SPQR)
 (d:/User/Programs/texlive/2024/texmf-dist/tex/latex/graphics/keyval.sty
Package: keyval 2022/05/29 v1.15 key=value parser (DPC)
\KV@toks@=\toks19
) (d:/User/Programs/texlive/2024/texmf-dist/tex/latex/graphics/graphics.sty
Package: graphics 2024/08/06 v1.4g Standard LaTeX Graphics (DPC,SPQR)
 (d:/User/Programs/texlive/2024/texmf-dist/tex/latex/graphics/trig.sty
Package: trig 2023/12/02 v1.11 sin cos tan (DPC)
) (d:/User/Programs/texlive/2024/texmf-dist/tex/latex/graphics-cfg/graphics.cfg
File: graphics.cfg 2016/06/04 v1.11 sample graphics configuration
)
Package graphics Info: Driver file: pdftex.def on input line 106.
 (d:/User/Programs/texlive/2024/texmf-dist/tex/latex/graphics-def/pdftex.def
File: pdftex.def 2024/04/13 v1.2c Graphics/color driver for pdftex
))
\Gin@req@height=\dimen145
\Gin@req@width=\dimen146
) (d:/User/Programs/texlive/2024/texmf-dist/tex/latex/hyperref/hyperref.sty
Package: hyperref 2024-10-30 v7.01k Hypertext links for LaTeX
 (d:/User/Programs/texlive/2024/texmf-dist/tex/latex/kvsetkeys/kvsetkeys.sty
Package: kvsetkeys 2022-10-05 v1.19 Key value parser (HO)
) (d:/User/Programs/texlive/2024/texmf-dist/tex/generic/kvdefinekeys/kvdefinekeys.sty
Package: kvdefinekeys 2019-12-19 v1.6 Define keys (HO)
) (d:/User/Programs/texlive/2024/texmf-dist/tex/generic/pdfescape/pdfescape.sty
Package: pdfescape 2019/12/09 v1.15 Implements pdfTeX's escape features (HO)
 (d:/User/Programs/texlive/2024/texmf-dist/tex/generic/ltxcmds/ltxcmds.sty
Package: ltxcmds 2023-12-04 v1.26 LaTeX kernel commands for general use (HO)
) (d:/User/Programs/texlive/2024/texmf-dist/tex/generic/pdftexcmds/pdftexcmds.sty
Package: pdftexcmds 2020-06-27 v0.33 Utility functions of pdfTeX for LuaTeX (HO)
 (d:/User/Programs/texlive/2024/texmf-dist/tex/generic/infwarerr/infwarerr.sty
Package: infwarerr 2019/12/03 v1.5 Providing info/warning/error messages (HO)
)
Package pdftexcmds Info: \pdf@primitive is available.
Package pdftexcmds Info: \pdf@ifprimitive is available.
Package pdftexcmds Info: \pdfdraftmode found.
)) (d:/User/Programs/texlive/2024/texmf-dist/tex/latex/hycolor/hycolor.sty
Package: hycolor 2020-01-27 v1.10 Color options for hyperref/bookmark (HO)
) (d:/User/Programs/texlive/2024/texmf-dist/tex/latex/hyperref/nameref.sty
Package: nameref 2023-11-26 v2.56 Cross-referencing by name of section
 (d:/User/Programs/texlive/2024/texmf-dist/tex/latex/refcount/refcount.sty
Package: refcount 2019/12/15 v3.6 Data extraction from label references (HO)
) (d:/User/Programs/texlive/2024/texmf-dist/tex/generic/gettitlestring/gettitlestring.sty
Package: gettitlestring 2019/12/15 v1.6 Cleanup title references (HO)
 (d:/User/Programs/texlive/2024/texmf-dist/tex/latex/kvoptions/kvoptions.sty
Package: kvoptions 2022-06-15 v3.15 Key value format for package options (HO)
))
\c@section@level=\count281
) (d:/User/Programs/texlive/2024/texmf-dist/tex/latex/etoolbox/etoolbox.sty
Package: etoolbox 2020/10/05 v2.5k e-TeX tools for LaTeX (JAW)
\etb@tempcnta=\count282
) (d:/User/Programs/texlive/2024/texmf-dist/tex/generic/stringenc/stringenc.sty
Package: stringenc 2019/11/29 v1.12 Convert strings between diff. encodings (HO)
)
\@linkdim=\dimen147
\Hy@linkcounter=\count283
\Hy@pagecounter=\count284
 (d:/User/Programs/texlive/2024/texmf-dist/tex/latex/hyperref/pd1enc.def
File: pd1enc.def 2024-10-30 v7.01k Hyperref: PDFDocEncoding definition (HO)
Now handling font encoding PD1 ...
... no UTF-8 mapping file for font encoding PD1
) (d:/User/Programs/texlive/2024/texmf-dist/tex/generic/intcalc/intcalc.sty
Package: intcalc 2019/12/15 v1.3 Expandable calculations with integers (HO)
)
\Hy@SavedSpaceFactor=\count285
 (d:/User/Programs/texlive/2024/texmf-dist/tex/latex/hyperref/puenc.def
File: puenc.def 2024-10-30 v7.01k Hyperref: PDF Unicode definition (HO)
Now handling font encoding PU ...
... no UTF-8 mapping file for font encoding PU
)
Package hyperref Info: Option `unicode' set `true' on input line 4040.
Package hyperref Info: Hyper figures OFF on input line 4157.
Package hyperref Info: Link nesting OFF on input line 4162.
Package hyperref Info: Hyper index ON on input line 4165.
Package hyperref Info: Plain pages OFF on input line 4172.
Package hyperref Info: Backreferencing OFF on input line 4177.
Package hyperref Info: Implicit mode ON; LaTeX internals redefined.
Package hyperref Info: Bookmarks ON on input line 4424.
\c@Hy@tempcnt=\count286
 (d:/User/Programs/texlive/2024/texmf-dist/tex/latex/url/url.sty
\Urlmuskip=\muskip17
Package: url 2013/09/16  ver 3.4  Verb mode for urls, etc.
)
LaTeX Info: Redefining \url on input line 4763.
\XeTeXLinkMargin=\dimen148
 (d:/User/Programs/texlive/2024/texmf-dist/tex/generic/bitset/bitset.sty
Package: bitset 2019/12/09 v1.3 Handle bit-vector datatype (HO)
 (d:/User/Programs/texlive/2024/texmf-dist/tex/generic/bigintcalc/bigintcalc.sty
Package: bigintcalc 2019/12/15 v1.5 Expandable calculations on big integers (HO)
))
\Fld@menulength=\count287
\Field@Width=\dimen149
\Fld@charsize=\dimen150
Package hyperref Info: Hyper figures OFF on input line 6042.
Package hyperref Info: Link nesting OFF on input line 6047.
Package hyperref Info: Hyper index ON on input line 6050.
Package hyperref Info: backreferencing OFF on input line 6057.
Package hyperref Info: Link coloring OFF on input line 6062.
Package hyperref Info: Link coloring with OCG OFF on input line 6067.
Package hyperref Info: PDF/A mode OFF on input line 6072.
 (d:/User/Programs/texlive/2024/texmf-dist/tex/latex/base/atbegshi-ltx.sty
Package: atbegshi-ltx 2021/01/10 v1.0c Emulation of the original atbegshi
package with kernel methods
)
\Hy@abspage=\count288
\c@Item=\count289
\c@Hfootnote=\count290
)
Package hyperref Info: Driver (autodetected): hpdftex.
 (d:/User/Programs/texlive/2024/texmf-dist/tex/latex/hyperref/hpdftex.def
File: hpdftex.def 2024-10-30 v7.01k Hyperref driver for pdfTeX
 (d:/User/Programs/texlive/2024/texmf-dist/tex/latex/base/atveryend-ltx.sty
Package: atveryend-ltx 2020/08/19 v1.0a Emulation of the original atveryend package
with kernel methods
)
\Fld@listcount=\count291
\c@bookmark@seq@number=\count292
 (d:/User/Programs/texlive/2024/texmf-dist/tex/latex/rerunfilecheck/rerunfilecheck.sty
Package: rerunfilecheck 2022-07-10 v1.10 Rerun checks for auxiliary files (HO)
 (d:/User/Programs/texlive/2024/texmf-dist/tex/generic/uniquecounter/uniquecounter.sty
Package: uniquecounter 2019/12/15 v1.4 Provide unlimited unique counter (HO)
)
Package uniquecounter Info: New unique counter `rerunfilecheck' on input line 285.
)
\Hy@SectionHShift=\skip52
) (d:/User/Programs/texlive/2024/texmf-dist/tex/latex/tools/longtable.sty
Package: longtable 2024-10-27 v4.22 Multi-page Table package (DPC)
\LTleft=\skip53
\LTright=\skip54
\LTpre=\skip55
\LTpost=\skip56
\LTchunksize=\count293
\LTcapwidth=\dimen151
\LT@head=\box55
\LT@firsthead=\box56
\LT@foot=\box57
\LT@lastfoot=\box58
\LT@gbox=\box59
\LT@cols=\count294
\LT@rows=\count295
\c@LT@tables=\count296
\c@LT@chunks=\count297
\LT@p@ftn=\toks20
) (d:/User/Programs/texlive/2024/texmf-dist/tex/latex/tools/array.sty
Package: array 2024/10/17 v2.6g Tabular extension package (FMi)
\col@sep=\dimen152
\ar@mcellbox=\box60
\extrarowheight=\dimen153
\NC@list=\toks21
\extratabsurround=\skip57
\backup@length=\skip58
\ar@cellbox=\box61
) (d:/User/Programs/texlive/2024/texmf-dist/tex/latex/geometry/geometry.sty
Package: geometry 2020/01/02 v5.9 Page Geometry
 (d:/User/Programs/texlive/2024/texmf-dist/tex/generic/iftex/ifvtex.sty
Package: ifvtex 2019/10/25 v1.7 ifvtex legacy package. Use iftex instead.
)
\Gm@cnth=\count298
\Gm@cntv=\count299
\c@Gm@tempcnt=\count300
\Gm@bindingoffset=\dimen154
\Gm@wd@mp=\dimen155
\Gm@odd@mp=\dimen156
\Gm@even@mp=\dimen157
\Gm@layoutwidth=\dimen158
\Gm@layoutheight=\dimen159
\Gm@layouthoffset=\dimen160
\Gm@layoutvoffset=\dimen161
\Gm@dimlist=\toks22
) (d:/User/Programs/texlive/2024/texmf-dist/tex/latex/booktabs/booktabs.sty
Package: booktabs 2020/01/12 v1.61803398 Publication quality tables
\heavyrulewidth=\dimen162
\lightrulewidth=\dimen163
\cmidrulewidth=\dimen164
\belowrulesep=\dimen165
\belowbottomsep=\dimen166
\aboverulesep=\dimen167
\abovetopsep=\dimen168
\cmidrulesep=\dimen169
\cmidrulekern=\dimen170
\defaultaddspace=\dimen171
\@cmidla=\count301
\@cmidlb=\count302
\@aboverulesep=\dimen172
\@belowrulesep=\dimen173
\@thisruleclass=\count303
\@lastruleclass=\count304
\@thisrulewidth=\dimen174
) (d:/User/Programs/texlive/2024/texmf-dist/tex/latex/l3packages/xfp/xfp.sty
Package: xfp 2024-08-16 L3 Floating point unit
) (d:/User/Programs/texlive/2024/texmf-dist/tex/latex/amsmath/amsmath.sty
Package: amsmath 2024/10/30 v2.17s AMS math features
\@mathmargin=\skip59

For additional information on amsmath, use the `?' option.
(d:/User/Programs/texlive/2024/texmf-dist/tex/latex/amsmath/amstext.sty
Package: amstext 2021/08/26 v2.01 AMS text
 (d:/User/Programs/texlive/2024/texmf-dist/tex/latex/amsmath/amsgen.sty
File: amsgen.sty 1999/11/30 v2.0 generic functions
\@emptytoks=\toks23
\ex@=\dimen175
)) (d:/User/Programs/texlive/2024/texmf-dist/tex/latex/amsmath/amsbsy.sty
Package: amsbsy 1999/11/29 v1.2d Bold Symbols
\pmbraise@=\dimen176
) (d:/User/Programs/texlive/2024/texmf-dist/tex/latex/amsmath/amsopn.sty
Package: amsopn 2022/04/08 v2.04 operator names
)
\inf@bad=\count305
LaTeX Info: Redefining \frac on input line 233.
\uproot@=\count306
\leftroot@=\count307
LaTeX Info: Redefining \overline on input line 398.
LaTeX Info: Redefining \colon on input line 409.
\classnum@=\count308
\DOTSCASE@=\count309
LaTeX Info: Redefining \ldots on input line 502.
LaTeX Info: Redefining \dots on input line 505.
LaTeX Info: Redefining \cdots on input line 638.
\Mathstrutbox@=\box62
\strutbox@=\box63
LaTeX Info: Redefining \big on input line 740.
LaTeX Info: Redefining \Big on input line 741.
LaTeX Info: Redefining \bigg on input line 742.
LaTeX Info: Redefining \Bigg on input line 743.
\big@size=\dimen177
LaTeX Font Info:    Redeclaring font encoding OML on input line 761.
LaTeX Font Info:    Redeclaring font encoding OMS on input line 762.
\macc@depth=\count310
LaTeX Info: Redefining \bmod on input line 923.
LaTeX Info: Redefining \pmod on input line 928.
LaTeX Info: Redefining \smash on input line 958.
LaTeX Info: Redefining \relbar on input line 988.
LaTeX Info: Redefining \Relbar on input line 989.
\c@MaxMatrixCols=\count311
\dotsspace@=\muskip18
\c@parentequation=\count312
\dspbrk@lvl=\count313
\tag@help=\toks24
\row@=\count314
\column@=\count315
\maxfields@=\count316
\andhelp@=\toks25
\eqnshift@=\dimen178
\alignsep@=\dimen179
\tagshift@=\dimen180
\tagwidth@=\dimen181
\totwidth@=\dimen182
\lineht@=\dimen183
\@envbody=\toks26
\multlinegap=\skip60
\multlinetaggap=\skip61
\mathdisplay@stack=\toks27
LaTeX Info: Redefining \[ on input line 2972.
LaTeX Info: Redefining \] on input line 2973.
) (d:/User/Programs/texlive/2024/texmf-dist/tex/latex/amsfonts/amssymb.sty
Package: amssymb 2013/01/14 v3.01 AMS font symbols
 (d:/User/Programs/texlive/2024/texmf-dist/tex/latex/amsfonts/amsfonts.sty
Package: amsfonts 2013/01/14 v3.01 Basic AMSFonts support
\symAMSa=\mathgroup4
\symAMSb=\mathgroup5
LaTeX Font Info:    Redeclaring math symbol \hbar on input line 98.
LaTeX Font Info:    Overwriting math alphabet `\mathfrak' in version `bold'
(Font)                  U/euf/m/n --> U/euf/b/n on input line 106.
)) (d:/User/Programs/texlive/2024/texmf-dist/tex/latex/listings/listings.sty
\lst@mode=\count317
\lst@gtempboxa=\box64
\lst@token=\toks28
\lst@length=\count318
\lst@currlwidth=\dimen184
\lst@column=\count319
\lst@pos=\count320
\lst@lostspace=\dimen185
\lst@width=\dimen186
\lst@newlines=\count321
\lst@lineno=\count322
\lst@maxwidth=\dimen187
 (d:/User/Programs/texlive/2024/texmf-dist/tex/latex/listings/lstpatch.sty
File: lstpatch.sty 2024/09/23 1.10c (Carsten Heinz)
) (d:/User/Programs/texlive/2024/texmf-dist/tex/latex/listings/lstmisc.sty
File: lstmisc.sty 2024/09/23 1.10c (Carsten Heinz)
\c@lstnumber=\count323
\lst@skipnumbers=\count324
\lst@framebox=\box65
) (d:/User/Programs/texlive/2024/texmf-dist/tex/latex/listings/listings.cfg
File: listings.cfg 2024/09/23 1.10c listings configuration
))
Package: listings 2024/09/23 1.10c (Carsten Heinz)
 (d:/User/Programs/texlive/2024/texmf-dist/tex/latex/xcolor/xcolor.sty
Package: xcolor 2024/09/29 v3.02 LaTeX color extensions (UK)
 (d:/User/Programs/texlive/2024/texmf-dist/tex/latex/graphics-cfg/color.cfg
File: color.cfg 2016/01/02 v1.6 sample color configuration
)
Package xcolor Info: Driver file: pdftex.def on input line 274.
 (d:/User/Programs/texlive/2024/texmf-dist/tex/latex/graphics/mathcolor.ltx)
Package xcolor Info: Model `cmy' substituted by `cmy0' on input line 1349.
Package xcolor Info: Model `hsb' substituted by `rgb' on input line 1353.
Package xcolor Info: Model `RGB' extended on input line 1365.
Package xcolor Info: Model `HTML' substituted by `rgb' on input line 1367.
Package xcolor Info: Model `Hsb' substituted by `hsb' on input line 1368.
Package xcolor Info: Model `tHsb' substituted by `hsb' on input line 1369.
Package xcolor Info: Model `HSB' substituted by `hsb' on input line 1370.
Package xcolor Info: Model `Gray' substituted by `gray' on input line 1371.
Package xcolor Info: Model `wave' substituted by `hsb' on input line 1372.
) (d:/User/Programs/texlive/2024/texmf-dist/tex/latex/tools/calc.sty
Package: calc 2023/07/08 v4.3 Infix arithmetic (KKT,FJ)
\calc@Acount=\count325
\calc@Bcount=\count326
\calc@Adimen=\dimen188
\calc@Bdimen=\dimen189
\calc@Askip=\skip62
\calc@Bskip=\skip63
LaTeX Info: Redefining \setlength on input line 80.
LaTeX Info: Redefining \addtolength on input line 81.
\calc@Ccount=\count327
\calc@Cskip=\skip64
) (d:/User/Programs/texlive/2024/texmf-dist/tex/generic/soul/soul.sty
Package: soul 2023-06-14 v3.1 Permit use of UTF-8 characters in soul (HO)
 (d:/User/Programs/texlive/2024/texmf-dist/tex/generic/soul/soul-ori.sty
Package: soul-ori 2023-06-14 v3.1 letterspacing/underlining (mf)
\SOUL@word=\toks29
\SOUL@lasttoken=\toks30
\SOUL@syllable=\toks31
\SOUL@cmds=\toks32
\SOUL@buffer=\toks33
\SOUL@token=\toks34
\SOUL@syllgoal=\dimen190
\SOUL@syllwidth=\dimen191
\SOUL@charkern=\dimen192
\SOUL@hyphkern=\dimen193
\SOUL@dimen=\dimen194
\SOUL@dimeni=\dimen195
\SOUL@minus=\count328
\SOUL@comma=\count329
\SOUL@apo=\count330
\SOUL@grave=\count331
\SOUL@spaceskip=\skip65
\SOUL@ttwidth=\dimen196
\SOUL@uldp=\dimen197
\SOUL@ulht=\dimen198
) (d:/User/Programs/texlive/2024/texmf-dist/tex/generic/etexcmds/etexcmds.sty
Package: etexcmds 2019/12/15 v1.7 Avoid name clashes with e-TeX commands (HO)
)) (d:/User/Programs/texlive/2024/texmf-dist/tex/latex/microtype/microtype.sty
Package: microtype 2024/03/29 v3.1b Micro-typographical refinements (RS)
\MT@toks=\toks35
\MT@tempbox=\box66
\MT@count=\count332
LaTeX Info: Redefining \noprotrusionifhmode on input line 1061.
LaTeX Info: Redefining \leftprotrusion on input line 1062.
\MT@prot@toks=\toks36
LaTeX Info: Redefining \rightprotrusion on input line 1081.
LaTeX Info: Redefining \textls on input line 1392.
\MT@outer@kern=\dimen199
LaTeX Info: Redefining \textmicrotypecontext on input line 2013.
\MT@listname@count=\count333
 (d:/User/Programs/texlive/2024/texmf-dist/tex/latex/microtype/microtype-pdftex.def
File: microtype-pdftex.def 2024/03/29 v3.1b Definitions specific to pdftex (RS)
LaTeX Info: Redefining \lsstyle on input line 902.
LaTeX Info: Redefining \lslig on input line 902.
\MT@outer@space=\skip66
)
Package microtype Info: Loading configuration file microtype.cfg.
 (d:/User/Programs/texlive/2024/texmf-dist/tex/latex/microtype/microtype.cfg
File: microtype.cfg 2024/03/29 v3.1b microtype main configuration file (RS)
)) (d:/User/Programs/texlive/2024/texmf-dist/tex/latex/cjk/texinput/UTF8/UTF8.enc
File: UTF8.enc 2021/10/16 4.8.5
) (d:/User/Programs/texlive/2024/texmf-dist/tex/latex/cjk/texinput/UTF8/UTF8.chr
File: UTF8.chr 2021/10/16 4.8.5
) (./fixed_paper.aux)
\openout1 = `fixed_paper.aux'.

LaTeX Font Info:    Checking defaults for OML/cmm/m/it on input line 48.
LaTeX Font Info:    ... okay on input line 48.
LaTeX Font Info:    Checking defaults for OMS/cmsy/m/n on input line 48.
LaTeX Font Info:    ... okay on input line 48.
LaTeX Font Info:    Checking defaults for OT1/cmr/m/n on input line 48.
LaTeX Font Info:    ... okay on input line 48.
LaTeX Font Info:    Checking defaults for T1/cmr/m/n on input line 48.
LaTeX Font Info:    ... okay on input line 48.
LaTeX Font Info:    Checking defaults for TS1/cmr/m/n on input line 48.
LaTeX Font Info:    ... okay on input line 48.
LaTeX Font Info:    Checking defaults for OMX/cmex/m/n on input line 48.
LaTeX Font Info:    ... okay on input line 48.
LaTeX Font Info:    Checking defaults for U/cmr/m/n on input line 48.
LaTeX Font Info:    ... okay on input line 48.
LaTeX Font Info:    Checking defaults for C00/song/m/n on input line 48.
LaTeX Font Info:    ... okay on input line 48.
LaTeX Font Info:    Checking defaults for C05/song/m/n on input line 48.
LaTeX Font Info:    ... okay on input line 48.
LaTeX Font Info:    Checking defaults for C09/song/m/n on input line 48.
LaTeX Font Info:    ... okay on input line 48.
LaTeX Font Info:    Checking defaults for C10/song/m/n on input line 48.
LaTeX Font Info:    ... okay on input line 48.
LaTeX Font Info:    Checking defaults for C20/song/m/n on input line 48.
LaTeX Font Info:    ... okay on input line 48.
LaTeX Font Info:    Checking defaults for C19/song/m/n on input line 48.
LaTeX Font Info:    ... okay on input line 48.
LaTeX Font Info:    Checking defaults for C40/song/m/n on input line 48.
LaTeX Font Info:    ... okay on input line 48.
LaTeX Font Info:    Checking defaults for C42/song/m/n on input line 48.
LaTeX Font Info:    ... okay on input line 48.
LaTeX Font Info:    Checking defaults for C43/song/m/n on input line 48.
LaTeX Font Info:    ... okay on input line 48.
LaTeX Font Info:    Checking defaults for C50/song/m/n on input line 48.
LaTeX Font Info:    ... okay on input line 48.
LaTeX Font Info:    Checking defaults for C52/song/m/n on input line 48.
LaTeX Font Info:    ... okay on input line 48.
LaTeX Font Info:    Checking defaults for C49/song/m/n on input line 48.
LaTeX Font Info:    ... okay on input line 48.
LaTeX Font Info:    Checking defaults for C60/mj/m/n on input line 48.
LaTeX Font Info:    ... okay on input line 48.
LaTeX Font Info:    Checking defaults for C61/mj/m/n on input line 48.
LaTeX Font Info:    ... okay on input line 48.
LaTeX Font Info:    Checking defaults for C63/mj/m/n on input line 48.
LaTeX Font Info:    ... okay on input line 48.
LaTeX Font Info:    Checking defaults for C64/mj/m/n on input line 48.
LaTeX Font Info:    ... okay on input line 48.
LaTeX Font Info:    Checking defaults for C65/mj/m/n on input line 48.
LaTeX Font Info:    ... okay on input line 48.
LaTeX Font Info:    Checking defaults for C70/song/m/n on input line 48.
LaTeX Font Info:    ... okay on input line 48.
LaTeX Font Info:    Checking defaults for C31/song/m/n on input line 48.
LaTeX Font Info:    ... okay on input line 48.
LaTeX Font Info:    Checking defaults for C32/song/m/n on input line 48.
LaTeX Font Info:    ... okay on input line 48.
LaTeX Font Info:    Checking defaults for C33/song/m/n on input line 48.
LaTeX Font Info:    ... okay on input line 48.
LaTeX Font Info:    Checking defaults for C34/song/m/n on input line 48.
LaTeX Font Info:    ... okay on input line 48.
LaTeX Font Info:    Checking defaults for C35/song/m/n on input line 48.
LaTeX Font Info:    ... okay on input line 48.
LaTeX Font Info:    Checking defaults for C36/song/m/n on input line 48.
LaTeX Font Info:    ... okay on input line 48.
LaTeX Font Info:    Checking defaults for C37/song/m/n on input line 48.
LaTeX Font Info:    ... okay on input line 48.
LaTeX Font Info:    Checking defaults for C80/song/m/n on input line 48.
LaTeX Font Info:    ... okay on input line 48.
LaTeX Font Info:    Checking defaults for C81/song/m/n on input line 48.
LaTeX Font Info:    ... okay on input line 48.
LaTeX Font Info:    Checking defaults for C01/song/m/n on input line 48.
LaTeX Font Info:    ... okay on input line 48.
LaTeX Font Info:    Checking defaults for C11/song/m/n on input line 48.
LaTeX Font Info:    ... okay on input line 48.
LaTeX Font Info:    Checking defaults for C21/song/m/n on input line 48.
LaTeX Font Info:    ... okay on input line 48.
LaTeX Font Info:    Checking defaults for C41/song/m/n on input line 48.
LaTeX Font Info:    ... okay on input line 48.
LaTeX Font Info:    Checking defaults for C62/song/m/n on input line 48.
LaTeX Font Info:    ... okay on input line 48.
LaTeX Font Info:    Checking defaults for PD1/pdf/m/n on input line 48.
LaTeX Font Info:    ... okay on input line 48.
LaTeX Font Info:    Checking defaults for PU/pdf/m/n on input line 48.
LaTeX Font Info:    ... okay on input line 48.
 (d:/User/Programs/texlive/2024/texmf-dist/tex/context/base/mkii/supp-pdf.mkii
[Loading MPS to PDF converter (version 2006.09.02).]
\scratchcounter=\count334
\scratchdimen=\dimen256
\scratchbox=\box67
\nofMPsegments=\count335
\nofMParguments=\count336
\everyMPshowfont=\toks37
\MPscratchCnt=\count337
\MPscratchDim=\dimen257
\MPnumerator=\count338
\makeMPintoPDFobject=\count339
\everyMPtoPDFconversion=\toks38
) (d:/User/Programs/texlive/2024/texmf-dist/tex/latex/epstopdf-pkg/epstopdf-base.sty
Package: epstopdf-base 2020-01-24 v2.11 Base part for package epstopdf
Package epstopdf-base Info: Redefining graphics rule for `.eps' on input line 485.
 (d:/User/Programs/texlive/2024/texmf-dist/tex/latex/latexconfig/epstopdf-sys.cfg
File: epstopdf-sys.cfg 2010/07/13 v1.3 Configuration of (r)epstopdf for TeX Live
))
Package hyperref Info: Link coloring OFF on input line 48.
 (./fixed_paper.out) (./fixed_paper.out)
\@outlinefile=\write3
\openout3 = `fixed_paper.out'.


*geometry* driver: auto-detecting
*geometry* detected driver: pdftex
*geometry* verbose mode - [ preamble ] result:
* driver: pdftex
* paper: a4paper
* layout: <same size as paper>
* layoutoffset:(h,v)=(0.0pt,0.0pt)
* modes: 
* h-part:(L,W,R)=(72.26999pt, 452.9679pt, 72.26999pt)
* v-part:(T,H,B)=(72.26999pt, 700.50687pt, 72.26999pt)
* \paperwidth=597.50787pt
* \paperheight=845.04684pt
* \textwidth=452.9679pt
* \textheight=700.50687pt
* \oddsidemargin=0.0pt
* \evensidemargin=0.0pt
* \topmargin=-37.0pt
* \headheight=12.0pt
* \headsep=25.0pt
* \topskip=12.0pt
* \footskip=30.0pt
* \marginparwidth=35.0pt
* \marginparsep=10.0pt
* \columnsep=10.0pt
* \skip\footins=10.8pt plus 4.0pt minus 2.0pt
* \hoffset=0.0pt
* \voffset=0.0pt
* \mag=1000
* \@twocolumnfalse
* \@twosidefalse
* \@mparswitchfalse
* \@reversemarginfalse
* (1in=72.27pt=25.4mm, 1cm=28.453pt)

\c@lstlisting=\count340
LaTeX Info: Redefining \microtypecontext on input line 48.
Package microtype Info: Applying patch `item' on input line 48.
Package microtype Info: Applying patch `toc' on input line 48.
Package microtype Info: Applying patch `eqnum' on input line 48.
Package microtype Info: Applying patch `footnote' on input line 48.
Package microtype Info: Applying patch `verbatim' on input line 48.
Package microtype Info: Generating PDF output.
Package microtype Info: Character protrusion enabled (level 2).
Package microtype Info: Using default protrusion set `alltext'.
Package microtype Info: Automatic font expansion enabled (level 2),
(microtype)             stretch: 20, shrink: 20, step: 1, non-selected.
Package microtype Info: Using default expansion set `alltext-nott'.
LaTeX Info: Redefining \showhyphens on input line 48.
Package microtype Info: No adjustment of tracking.
Package microtype Info: No adjustment of interword spacing.
Package microtype Info: No adjustment of character kerning.
(d:/User/Programs/texlive/2024/texmf-dist/tex/latex/microtype/mt-cmr.cfg
File: mt-cmr.cfg 2013/05/19 v2.2 microtype config. file: Computer Modern Roman (RS)
)
LaTeX Font Info:    Trying to load font information for U+msa on input line 54.
 (d:/User/Programs/texlive/2024/texmf-dist/tex/latex/amsfonts/umsa.fd
File: umsa.fd 2013/01/14 v3.01 AMS symbols A
) (d:/User/Programs/texlive/2024/texmf-dist/tex/latex/microtype/mt-msa.cfg
File: mt-msa.cfg 2006/02/04 v1.1 microtype config. file: AMS symbols (a) (RS)
)
LaTeX Font Info:    Trying to load font information for U+msb on input line 54.
 (d:/User/Programs/texlive/2024/texmf-dist/tex/latex/amsfonts/umsb.fd
File: umsb.fd 2013/01/14 v3.01 AMS symbols B
) (d:/User/Programs/texlive/2024/texmf-dist/tex/latex/microtype/mt-msb.cfg
File: mt-msb.cfg 2005/06/01 v1.0 microtype config. file: AMS symbols (b) (RS)
)

(d:/User/Programs/texlive/2024/texmf-dist/tex/generic/ctex/zhmap/ctex-zhmap-windows.tex
File: ctex-zhmap-windows.tex 2022/07/14 v2.5.10 Windows font map loader for pdfTeX and DVIPDFMx (CTEX)
{d:/User/Programs/texlive/2024/texmf-var/fonts/map/pdftex/updmap/pdftex.map}{UGBK.sfd}{Unicode.sfd}) [1

]
LaTeX Font Info:    Trying to load font information for C70+rm on input line 95.
 (d:/User/Programs/texlive/2024/texmf-dist/tex/latex/ctex/fd/c70rm.fd
File: c70rm.fd 2022/07/14 v2.5.10 Chinese font definition (CTEX)
) (./fixed_paper.toc)
\tf@toc=\write4
\openout4 = `fixed_paper.toc'.



[2]

[3{d:/User/Programs/texlive/2024/texmf-dist/fonts/enc/dvips/cm-super/cm-super-ts1.enc}]

[4]
<./media/media/image3.jpeg, id=71, 619.31375pt x 353.32pt>
File: ./media/media/image3.jpeg Graphic file (type jpg)
<use ./media/media/image3.jpeg>
Package pdftex.def Info: ./media/media/image3.jpeg  used on input line 239.
(pdftex.def)             Requested size: 452.9679pt x 258.42822pt.
<./media/media/image4.png, id=73, 584.1825pt x 333.245pt>
File: ./media/media/image4.png Graphic file (type png)
<use ./media/media/image4.png>
Package pdftex.def Info: ./media/media/image4.png  used on input line 263.
(pdftex.def)             Requested size: 452.9679pt x 258.40457pt.
<./media/media/image5.jpeg, id=75, 436.63126pt x 294.09875pt>
File: ./media/media/image5.jpeg Graphic file (type jpg)
<use ./media/media/image5.jpeg>
Package pdftex.def Info: ./media/media/image5.jpeg  used on input line 280.
(pdftex.def)             Requested size: 452.9679pt x 305.10605pt.


[5]

[6 <./media/media/image3.jpeg> <./media/media/image4.png>]

[7 <./media/media/image5.jpeg>]
<./media/media/image6.png, id=94, 556.0775pt x 70.2625pt>
File: ./media/media/image6.png Graphic file (type png)
<use ./media/media/image6.png>
Package pdftex.def Info: ./media/media/image6.png  used on input line 346.
(pdftex.def)             Requested size: 416.28496pt x 51.91301pt.
 [8 <./media/media/image6.png>]
<./media/media/image7.jpeg, id=102, 608.2725pt x 65.24374pt>
File: ./media/media/image7.jpeg Graphic file (type jpg)
<use ./media/media/image7.jpeg>
Package pdftex.def Info: ./media/media/image7.jpeg  used on input line 424.
(pdftex.def)             Requested size: 455.19157pt x 48.42097pt.

Overfull \hbox (26.22368pt too wide) in paragraph at lines 424--425
[][] 
 []

<./media/media/image8.png, id=103, 545.03625pt x 53.19875pt>
File: ./media/media/image8.png Graphic file (type png)
<use ./media/media/image8.png>
Package pdftex.def Info: ./media/media/image8.png  used on input line 426.
(pdftex.def)             Requested size: 408.0859pt x 39.02713pt.
LaTeX Font Info:    Font shape `OT1/cmtt/bx/n' in size <12> not available
(Font)              Font shape `OT1/cmtt/m/n' tried instead on input line 437.
Package microtype Info: Loading generic protrusion settings for font family
(microtype)             `cmtt' (encoding: OT1).
(microtype)             For optimal results, create family-specific settings.
(microtype)             See the microtype manual for details.


[9 <./media/media/image7.jpeg> <./media/media/image8.png>]
<./media/media/image9.png, id=113, 590.205pt x 166.6225pt>
File: ./media/media/image9.png Graphic file (type png)
<use ./media/media/image9.png>
Package pdftex.def Info: ./media/media/image9.png  used on input line 468.
(pdftex.def)             Requested size: 441.9412pt x 124.42755pt.

Overfull \hbox (12.9733pt too wide) in paragraph at lines 468--469
[][] 
 []

<./media/media/image10.jpeg, id=114, 608.2725pt x 302.12875pt>
File: ./media/media/image10.jpeg Graphic file (type jpg)
<use ./media/media/image10.jpeg>
Package pdftex.def Info: ./media/media/image10.jpeg  used on input line 474.
(pdftex.def)             Requested size: 455.19157pt x 225.84454pt.

Overfull \hbox (26.22368pt too wide) in paragraph at lines 474--475
[][] 
 []

<./media/media/image11.jpeg, id=115, 608.2725pt x 302.12875pt>
File: ./media/media/image11.jpeg Graphic file (type jpg)
<use ./media/media/image11.jpeg>
Package pdftex.def Info: ./media/media/image11.jpeg  used on input line 480.
(pdftex.def)             Requested size: 455.19157pt x 225.84454pt.

Overfull \hbox (26.22368pt too wide) in paragraph at lines 480--481
[][] 
 []



[10 <./media/media/image9.png> <./media/media/image10.jpeg>]
<./media/media/image12.png, id=122, 591.20876pt x 184.69pt>
File: ./media/media/image12.png Graphic file (type png)
<use ./media/media/image12.png>
Package pdftex.def Info: ./media/media/image12.png  used on input line 498.
(pdftex.def)             Requested size: 442.53944pt x 137.67451pt.

Overfull \hbox (13.57155pt too wide) in paragraph at lines 498--499
[][] 
 []



[11 <./media/media/image11.jpeg> <./media/media/image12.png>]
<./media/media/image13.png, id=129, 552.0625pt x 240.9pt>
File: ./media/media/image13.png Graphic file (type png)
<use ./media/media/image13.png>
Package pdftex.def Info: ./media/media/image13.png  used on input line 524.
(pdftex.def)             Requested size: 413.27928pt x 180.318pt.
<./media/media/image14.jpeg, id=130, 608.2725pt x 254.9525pt>
File: ./media/media/image14.jpeg Graphic file (type jpg)
<use ./media/media/image14.jpeg>
Package pdftex.def Info: ./media/media/image14.jpeg  used on input line 530.
(pdftex.def)             Requested size: 455.4329pt x 189.83673pt.

Overfull \hbox (26.46501pt too wide) in paragraph at lines 530--531
[][] 
 []


Overfull \hbox (10.46642pt too wide) in paragraph at lines 553--554
\OT1/cmr/bx/n/12 (-20) Predicted 
 []


Overfull \hbox (10.5046pt too wide) in paragraph at lines 561--562
\OT1/cmr/bx/n/12 (-20) Predicted 
 []



[12 <./media/media/image13.png> <./media/media/image14.jpeg>]
Overfull \hbox (10.46642pt too wide) in paragraph at lines 670--671
\OT1/cmr/bx/n/12 (-20) Predicted 
 []


Overfull \hbox (8.14308pt too wide) in paragraph at lines 678--679
\OT1/cmr/bx/n/12 (-20) Pridicted 
 []


Overfull \hbox (10.46642pt too wide) in paragraph at lines 787--788
\OT1/cmr/bx/n/12 (-20) Predicted 
 []


Overfull \hbox (10.5046pt too wide) in paragraph at lines 795--796
\OT1/cmr/bx/n/12 (-20) Predicted 
 []

[13]
Underfull \hbox (badness 3803) in paragraph at lines 895--896
[]\OT1/cmr/bx/n/12 (+20) Data con-straints in-cluded raw data across ta-bles with
 []


Underfull \hbox (badness 2142) in paragraph at lines 895--896
\OT1/cmr/bx/n/12 (+20) for-mat in-con-sis-ten-cies and var-ied coun-try name rep-re-sen-ta-
 []



[14]

[15]
<./media/media/image15.png, id=160, 608.2725pt x 615.29875pt>
File: ./media/media/image15.png Graphic file (type png)
<use ./media/media/image15.png>
Package pdftex.def Info: ./media/media/image15.png  used on input line 1000.
(pdftex.def)             Requested size: 455.19157pt x 460.96593pt.

Overfull \hbox (26.22368pt too wide) in paragraph at lines 1000--1001
[][] 
 []



[16]
<./media/media/image16.jpeg, id=166, 608.2725pt x 332.24126pt>
File: ./media/media/image16.jpeg Graphic file (type jpg)
<use ./media/media/image16.jpeg>
Package pdftex.def Info: ./media/media/image16.jpeg  used on input line 1019.
(pdftex.def)             Requested size: 455.4329pt x 248.8508pt.

Overfull \hbox (26.46501pt too wide) in paragraph at lines 1019--1020
[][] 
 []



[17 <./media/media/image15.png>]
<./media/media/image17.png, id=172, 608.2725pt x 326.21875pt>
File: ./media/media/image17.png Graphic file (type png)
<use ./media/media/image17.png>
Package pdftex.def Info: ./media/media/image17.png  used on input line 1037.
(pdftex.def)             Requested size: 455.4329pt x 243.79733pt.

Overfull \hbox (26.46501pt too wide) in paragraph at lines 1037--1038
[][] 
 []



[18 <./media/media/image16.jpeg> <./media/media/image17.png>]
<./media/media/image18.jpeg, id=178, 301.125pt x 179.67125pt>
File: ./media/media/image18.jpeg Graphic file (type jpg)
<use ./media/media/image18.jpeg>
Package pdftex.def Info: ./media/media/image18.jpeg  used on input line 1075.
(pdftex.def)             Requested size: 225.13098pt x 134.31169pt.
<./media/media/image19.jpeg, id=179, 302.12875pt x 180.675pt>
File: ./media/media/image19.jpeg Graphic file (type jpg)
<use ./media/media/image19.jpeg>
Package pdftex.def Info: ./media/media/image19.jpeg  used on input line 1077.
(pdftex.def)             Requested size: 225.60483pt x 134.54375pt.


[19 <./media/media/image18.jpeg>]
LaTeX Font Info:    Trying to load font information for OML+cmr on input line 1111.
 (d:/User/Programs/texlive/2024/texmf-dist/tex/latex/base/omlcmr.fd
File: omlcmr.fd 2023/04/13 v2.5m Standard LaTeX font definitions
)
LaTeX Font Info:    Font shape `OML/cmr/bx/n' in size <12> not available
(Font)              Font shape `OML/cmm/b/it' tried instead on input line 1111.
<./media/media/image20.jpeg, id=186, 608.2725pt x 262.9825pt>
File: ./media/media/image20.jpeg Graphic file (type jpg)
<use ./media/media/image20.jpeg>
Package pdftex.def Info: ./media/media/image20.jpeg  used on input line 1114.
(pdftex.def)             Requested size: 455.4329pt x 196.10075pt.

Overfull \hbox (26.46501pt too wide) in paragraph at lines 1114--1115
[][] 
 []



[20 <./media/media/image19.jpeg>]
<./media/media/image21.jpeg, id=195, 608.2725pt x 241.90375pt>
File: ./media/media/image21.jpeg Graphic file (type jpg)
<use ./media/media/image21.jpeg>
Package pdftex.def Info: ./media/media/image21.jpeg  used on input line 1125.
(pdftex.def)             Requested size: 455.4329pt x 180.44182pt.

Overfull \hbox (26.46501pt too wide) in paragraph at lines 1125--1126
[][] 
 []



[21 <./media/media/image20.jpeg> <./media/media/image21.jpeg>]
<./media/media/image22.png, id=201, 608.2725pt x 212.795pt>
File: ./media/media/image22.png Graphic file (type png)
<use ./media/media/image22.png>
Package pdftex.def Info: ./media/media/image22.png  used on input line 1160.
(pdftex.def)             Requested size: 455.19157pt x 159.12178pt.

Overfull \hbox (26.22368pt too wide) in paragraph at lines 1160--1161
[][] 
 []

<./media/media/image23.png, id=202, 608.2725pt x 212.795pt>
File: ./media/media/image23.png Graphic file (type png)
<use ./media/media/image23.png>
Package pdftex.def Info: ./media/media/image23.png  used on input line 1185.
(pdftex.def)             Requested size: 455.19157pt x 159.12178pt.

Overfull \hbox (26.22368pt too wide) in paragraph at lines 1185--1186
[][] 
 []



[22 <./media/media/image22.png>]
<./media/media/image24.jpeg, id=208, 608.2725pt x 213.79875pt>
File: ./media/media/image24.jpeg Graphic file (type jpg)
<use ./media/media/image24.jpeg>
Package pdftex.def Info: ./media/media/image24.jpeg  used on input line 1211.
(pdftex.def)             Requested size: 455.19157pt x 159.11551pt.

Overfull \hbox (26.22368pt too wide) in paragraph at lines 1211--1212
[][] 
 []



[23 <./media/media/image23.png> <./media/media/image24.jpeg>]
Overfull \hbox (38.92616pt too wide) in paragraph at lines 1275--1276
[] 
 []


Overfull \hbox (51.58217pt too wide) in paragraph at lines 1275--1276
\OT1/cmr/bx/n/12 (-20) Rank  
 []


Overfull \hbox (37.55428pt too wide) in paragraph at lines 1279--1280
[] 
 []


Overfull \hbox (49.76501pt too wide) in paragraph at lines 1279--1280
\OT1/cmr/bx/n/12 (-20) NOC  
 []


Overfull \hbox (11.83708pt too wide) in paragraph at lines 1283--1284
[] 
 []


Overfull \hbox (26.08641pt too wide) in paragraph at lines 1283--1284
\OT1/cmr/bx/n/12 (-20) Sport  
 []


Overfull \hbox (15.03003pt too wide) in paragraph at lines 1287--1288
\OT1/cmr/bx/n/12 (-20) Event  
 []


Overfull \hbox (21.96933pt too wide) in paragraph at lines 1291--1292
[] 
 []


Overfull \hbox (49.40756pt too wide) in paragraph at lines 1291--1292
\OT1/cmr/bx/n/12 (-20) Priority 
 []


Overfull \hbox (35.62967pt too wide) in paragraph at lines 1291--1292
\OT1/cmr/bx/n/12 (-20) Score  
 []


Overfull \hbox (21.96933pt too wide) in paragraph at lines 1295--1296
[] 
 []


Overfull \hbox (35.62967pt too wide) in paragraph at lines 1295--1296
\OT1/cmr/bx/n/12 (-20) Score 
 []


Overfull \hbox (38.08826pt too wide) in paragraph at lines 1295--1296
\OT1/cmr/bx/n/12 (-20) Trend  
 []


Overfull \hbox (21.81819pt too wide) in paragraph at lines 1299--1300
[] 
 []


Overfull \hbox (29.64336pt too wide) in paragraph at lines 1299--1300
\OT1/cmr/bx/n/12 (-20) New 
 []


Overfull \hbox (22.6482pt too wide) in paragraph at lines 1299--1300
\OT1/cmr/bx/n/12 (-20) Ra- 
 []


Overfull \hbox (19.62839pt too wide) in paragraph at lines 1299--1300
\OT1/cmr/bx/n/12 (-20) tio 
 []


Overfull \hbox (35.03613pt too wide) in paragraph at lines 1299--1300
\OT1/cmr/bx/n/12 (-20) mean  
 []


Overfull \hbox (38.92616pt too wide) in paragraph at lines 1304--1305
[] 
 []


Overfull \hbox (25.89134pt too wide) in paragraph at lines 1304--1305
\OT1/cmr/bx/n/12 (-20) 1  
 []


Overfull \hbox (37.55428pt too wide) in paragraph at lines 1308--1309
[] 
 []


Overfull \hbox (45.16446pt too wide) in paragraph at lines 1308--1309
\OT1/cmr/bx/n/12 (-20) SLO  
 []


Overfull \hbox (11.83708pt too wide) in paragraph at lines 1312--1313
[] 
 []


Overfull \hbox (37.70285pt too wide) in paragraph at lines 1312--1313
\OT1/cmr/bx/n/12 (-20) Rowing  
 []


Overfull \hbox (25.2497pt too wide) in paragraph at lines 1316--1317
\OT1/cmr/bx/n/12 (-20) Rowing 
 []


Overfull \hbox (16.77519pt too wide) in paragraph at lines 1316--1317
\OT1/cmr/bx/n/12 (-20) Men\TS1/cmr/bx/n/12 (-20) '\OT1/cmr/bx/n/12 (-20) s 
 []


Overfull \hbox (8.20741pt too wide) in paragraph at lines 1316--1317
\OT1/cmr/bx/n/12 (-20) Dou- 
 []


Overfull \hbox (15.09514pt too wide) in paragraph at lines 1316--1317
\OT1/cmr/bx/n/12 (-20) Sculls  
 []


Overfull \hbox (21.96933pt too wide) in paragraph at lines 1320--1321
[] 
 []


Overfull \hbox (34.00703pt too wide) in paragraph at lines 1320--1321
\OT1/cmr/bx/n/12 (-20) 0.724  
 []


Overfull \hbox (21.96933pt too wide) in paragraph at lines 1324--1325
[] 
 []


Overfull \hbox (27.52704pt too wide) in paragraph at lines 1324--1325
\OT1/cmr/bx/n/12 (-20) 0.75  
 []


Overfull \hbox (21.81819pt too wide) in paragraph at lines 1328--1329
[] 
 []


Overfull \hbox (33.9909pt too wide) in paragraph at lines 1328--1329
\OT1/cmr/bx/n/12 (-20) 0.685  
 []


Overfull \hbox (38.92616pt too wide) in paragraph at lines 1333--1334
[] 
 []


Overfull \hbox (27.24136pt too wide) in paragraph at lines 1333--1334
\OT1/cmr/bx/n/12 (-20) 2  
 []


Overfull \hbox (37.55428pt too wide) in paragraph at lines 1337--1338
[] 
 []


Overfull \hbox (42.41034pt too wide) in paragraph at lines 1337--1338
\OT1/cmr/bx/n/12 (-20) ITA  
 []


Overfull \hbox (11.83708pt too wide) in paragraph at lines 1341--1342
[] 
 []


Overfull \hbox (39.89188pt too wide) in paragraph at lines 1341--1342
\OT1/cmr/bx/n/12 (-20) Modern 
 []


Overfull \hbox (18.41707pt too wide) in paragraph at lines 1341--1342
\OT1/cmr/bx/n/12 (-20) Pen- 
 []


Overfull \hbox (35.92354pt too wide) in paragraph at lines 1341--1342
\OT1/cmr/bx/n/12 (-20) tathlon  
 []


Overfull \hbox (27.62622pt too wide) in paragraph at lines 1345--1346
\OT1/cmr/bx/n/12 (-20) Modern  
 []


Overfull \hbox (62.957pt too wide) in paragraph at lines 1347--1348
[]\OT1/cmr/bx/n/12 (-20) Pentathlon 
 []


Overfull \hbox (16.77519pt too wide) in paragraph at lines 1347--1348
\OT1/cmr/bx/n/12 (-20) Men\TS1/cmr/bx/n/12 (-20) '\OT1/cmr/bx/n/12 (-20) s 
 []


Overfull \hbox (13.04295pt too wide) in paragraph at lines 1347--1348
\OT1/cmr/bx/n/12 (-20) Team  
 []


Overfull \hbox (21.96933pt too wide) in paragraph at lines 1351--1352
[] 
 []


Overfull \hbox (34.14204pt too wide) in paragraph at lines 1351--1352
\OT1/cmr/bx/n/12 (-20) 0.672  
 []


Overfull \hbox (21.96933pt too wide) in paragraph at lines 1355--1356
[] 
 []


Overfull \hbox (27.52704pt too wide) in paragraph at lines 1355--1356
\OT1/cmr/bx/n/12 (-20) 0.75  
 []


Overfull \hbox (21.81819pt too wide) in paragraph at lines 1359--1360
[] 
 []


Overfull \hbox (33.9909pt too wide) in paragraph at lines 1359--1360
\OT1/cmr/bx/n/12 (-20) 0.556  
 []


Overfull \hbox (38.92616pt too wide) in paragraph at lines 1364--1365
[] 
 []


Overfull \hbox (27.24136pt too wide) in paragraph at lines 1364--1365
\OT1/cmr/bx/n/12 (-20) 3  
 []


Overfull \hbox (37.55428pt too wide) in paragraph at lines 1368--1369
[] 
 []


Overfull \hbox (48.68037pt too wide) in paragraph at lines 1368--1369
\OT1/cmr/bx/n/12 (-20) BRA  
 []


Overfull \hbox (11.83708pt too wide) in paragraph at lines 1372--1373
[] 
 []


Overfull \hbox (33.17104pt too wide) in paragraph at lines 1372--1373
\OT1/cmr/bx/n/12 (-20) Sailing  
 []


Overfull \hbox (20.71788pt too wide) in paragraph at lines 1376--1377
\OT1/cmr/bx/n/12 (-20) Sailing 
 []


Overfull \hbox (16.77519pt too wide) in paragraph at lines 1376--1377
\OT1/cmr/bx/n/12 (-20) Men\TS1/cmr/bx/n/12 (-20) '\OT1/cmr/bx/n/12 (-20) s  
 []


Overfull \hbox (24.56752pt too wide) in paragraph at lines 1378--1379
[]\OT1/cmr/bx/n/12 (-20) Two 
 []


Overfull \hbox (4.20503pt too wide) in paragraph at lines 1378--1379
\OT1/cmr/bx/n/12 (-20) Per- 
 []


Overfull \hbox (1.13013pt too wide) in paragraph at lines 1378--1379
\OT1/cmr/bx/n/12 (-20) son  
 []


Overfull \hbox (51.22926pt too wide) in paragraph at lines 1380--1381
[]\OT1/cmr/bx/n/12 (-20) Keelboat  
 []


Overfull \hbox (21.96933pt too wide) in paragraph at lines 1384--1385
[] 
 []


Overfull \hbox (33.12953pt too wide) in paragraph at lines 1384--1385
\OT1/cmr/bx/n/12 (-20) 0.671  
 []


Overfull \hbox (21.96933pt too wide) in paragraph at lines 1388--1389
[] 
 []


Overfull \hbox (27.52704pt too wide) in paragraph at lines 1388--1389
\OT1/cmr/bx/n/12 (-20) 0.75  
 []


Overfull \hbox (21.81819pt too wide) in paragraph at lines 1392--1393
[] 
 []


Overfull \hbox (33.9909pt too wide) in paragraph at lines 1392--1393
\OT1/cmr/bx/n/12 (-20) 0.552  
 []

[24]
<./media/media/image25.jpeg, id=222, 608.2725pt x 278.03876pt>
File: ./media/media/image25.jpeg Graphic file (type jpg)
<use ./media/media/image25.jpeg>
Package pdftex.def Info: ./media/media/image25.jpeg  used on input line 1406.
(pdftex.def)             Requested size: 455.4329pt x 207.17519pt.

Overfull \hbox (26.46501pt too wide) in paragraph at lines 1406--1407
[][] 
 []



[25 <./media/media/image25.jpeg>]
<./media/media/image26.jpeg, id=228, 608.2725pt x 255.95625pt>
File: ./media/media/image26.jpeg Graphic file (type jpg)
<use ./media/media/image26.jpeg>
Package pdftex.def Info: ./media/media/image26.jpeg  used on input line 1415.
(pdftex.def)             Requested size: 455.4329pt x 191.39648pt.

Overfull \hbox (26.46501pt too wide) in paragraph at lines 1415--1416
[][] 
 []

<./media/media/image27.png, id=229, 517.935pt x 232.87pt>
File: ./media/media/image27.png Graphic file (type png)
<use ./media/media/image27.png>
Package pdftex.def Info: ./media/media/image27.png  used on input line 1423.
(pdftex.def)             Requested size: 387.62045pt x 173.93428pt.


[26 <./media/media/image26.jpeg> <./media/media/image27.png>]

[27]

[28]

[29] (./fixed_paper.aux)
 ***********
LaTeX2e <2024-11-01>
L3 programming layer <2022/07/14>
 ***********
Package rerunfilecheck Info: File `fixed_paper.out' has not changed.
(rerunfilecheck)             Checksum: 70CA73AEB846E63421C57B23BEBDD41B;1384.
 ) 
Here is how much of TeX's memory you used:
 18262 strings out of 473382
 299382 string characters out of 5718175
 758058 words of memory out of 5000000
 40774 multiletter control sequences out of 15000+600000
 576965 words of font info for 189 fonts, out of 8000000 for 9000
 1141 hyphenation exceptions out of 8191
 80i,8n,88p,1026b,600s stack positions out of 10000i,1000n,20000p,200000b,200000s
<c:/Windows/Fonts/simhei.ttf><c:/Windows/Fonts/simhei.ttf><c:/Windows/Fonts/simsun.ttc><c:/Windows/Fonts/simhei.ttf><c:/Windows/Fonts/simhei.ttf><d:/User/Programs/texlive/2024/texmf-dist/fonts/type1/public/amsfonts/cm/cmbx12.pfb><d:/User/Programs/texlive/2024/texmf-dist/fonts/type1/public/amsfonts/cm/cmmib10.pfb><d:/User/Programs/texlive/2024/texmf-dist/fonts/type1/public/amsfonts/cm/cmr12.pfb><d:/User/Programs/texlive/2024/texmf-dist/fonts/type1/public/amsfonts/cm/cmr17.pfb><d:/User/Programs/texlive/2024/texmf-dist/fonts/type1/public/amsfonts/cm/cmtt12.pfb><d:/User/Programs/texlive/2024/texmf-dist/fonts/type1/public/cm-super/sfbx1200.pfb><d:/User/Programs/texlive/2024/texmf-dist/fonts/type1/public/cm-super/sfrm1200.pfb>
Output written on fixed_paper.pdf (29 pages, 791955 bytes).
PDF statistics:
 313 PDF objects out of 1000 (max. 8388607)
 219 compressed objects within 3 object streams
 63 named destinations out of 1000 (max. 500000)
 27346 words of extra memory for PDF output out of 29859 (max. 10000000)

